0 info it worked if it ends with ok
1 verbose cli [
1 verbose cli   '/usr/local/bin/node',
1 verbose cli   '/Users/abz/node_modules/.bin/npm',
1 verbose cli   'publish'
1 verbose cli ]
2 info using npm@2.15.12
3 info using node@v16.16.0
4 verbose publish [ '.' ]
5 silly cache add args [ '.', null ]
6 verbose cache add spec .
7 silly cache add parsed spec Result {
7 silly cache add   raw: '.',
7 silly cache add   scope: null,
7 silly cache add   name: null,
7 silly cache add   rawSpec: '.',
7 silly cache add   spec: '/Users/abz/MyProjects/hookstore',
7 silly cache add   type: 'directory'
7 silly cache add }
8 verbose addLocalDirectory /Users/abz/.npm/hookmuts/1.0.1/package.tgz not in flight; packing
9 verbose correctMkdir /Users/abz/.npm correctMkdir not in flight; initializing
10 verbose tar pack [
10 verbose tar pack   '/Users/abz/.npm/hookmuts/1.0.1/package.tgz',
10 verbose tar pack   '/Users/abz/MyProjects/hookstore'
10 verbose tar pack ]
11 verbose tarball /Users/abz/.npm/hookmuts/1.0.1/package.tgz
12 verbose folder /Users/abz/MyProjects/hookstore
13 info prepublish hookmuts@1.0.1
14 verbose addLocalTarball adding from inside cache /Users/abz/.npm/hookmuts/1.0.1/package.tgz
15 verbose correctMkdir /Users/abz/.npm correctMkdir not in flight; initializing
16 silly cache afterAdd hookmuts@1.0.1
17 verbose afterAdd /Users/abz/.npm/hookmuts/1.0.1/package/package.json not in flight; writing
18 verbose correctMkdir /Users/abz/.npm correctMkdir not in flight; initializing
19 verbose afterAdd /Users/abz/.npm/hookmuts/1.0.1/package/package.json written
20 silly publish {
20 silly publish   name: 'hookmuts',
20 silly publish   version: '1.0.1',
20 silly publish   description: 'React Store - hookmuts . Say useReducer No!',
20 silly publish   author: { name: 'Igor Lialko' },
20 silly publish   license: 'MIT',
20 silly publish   repository: {
20 silly publish     type: 'git',
20 silly publish     url: 'git+https://github.com/Igorlialko/hookmuts.git'
20 silly publish   },
20 silly publish   main: 'dist/index.js',
20 silly publish   module: 'dist/index.modern.js',
20 silly publish   source: 'src/index.tsx',
20 silly publish   engines: { node: '>=10' },
20 silly publish   scripts: {
20 silly publish     build: 'microbundle-crl --no-compress --format modern,cjs',
20 silly publish     start: 'microbundle-crl watch --no-compress --format modern,cjs',
20 silly publish     prepare: 'run-s build',
20 silly publish     test: 'run-s test:unit test:lint test:build',
20 silly publish     'test:build': 'run-s build',
20 silly publish     'test:lint': 'eslint .',
20 silly publish     'test:unit': 'cross-env CI=1 react-scripts test --env=jsdom',
20 silly publish     'test:watch': 'react-scripts test --env=jsdom',
20 silly publish     predeploy: 'cd example_old && npm install && npm run build',
20 silly publish     deploy: 'gh-pages -d example_old/build',
20 silly publish     publish: 'microbundle-crl --no-compress --format modern,cjs && npm version patch && npm publish'
20 silly publish   },
20 silly publish   peerDependencies: { react: '^16.0.0' },
20 silly publish   devDependencies: {
20 silly publish     '@testing-library/jest-dom': '^4.2.4',
20 silly publish     '@testing-library/react': '^9.5.0',
20 silly publish     '@testing-library/user-event': '^7.2.1',
20 silly publish     '@types/jest': '^25.1.4',
20 silly publish     '@types/node': '^12.12.38',
20 silly publish     '@types/react': '^16.9.27',
20 silly publish     '@types/react-dom': '^16.9.7',
20 silly publish     '@typescript-eslint/eslint-plugin': '^2.26.0',
20 silly publish     '@typescript-eslint/parser': '^2.26.0',
20 silly publish     'microbundle-crl': '^0.13.10',
20 silly publish     'babel-eslint': '^10.0.3',
20 silly publish     'cross-env': '^7.0.2',
20 silly publish     eslint: '^6.8.0',
20 silly publish     'eslint-config-prettier': '^6.7.0',
20 silly publish     'eslint-config-standard': '^14.1.0',
20 silly publish     'eslint-config-standard-react': '^9.2.0',
20 silly publish     'eslint-plugin-import': '^2.18.2',
20 silly publish     'eslint-plugin-node': '^11.0.0',
20 silly publish     'eslint-plugin-prettier': '^3.1.1',
20 silly publish     'eslint-plugin-promise': '^4.2.1',
20 silly publish     'eslint-plugin-react': '^7.17.0',
20 silly publish     'eslint-plugin-standard': '^4.0.1',
20 silly publish     'gh-pages': '^2.2.0',
20 silly publish     'npm-run-all': '^4.1.5',
20 silly publish     prettier: '^2.0.4',
20 silly publish     react: '^16.13.1',
20 silly publish     'react-dom': '^16.13.1',
20 silly publish     'react-scripts': '^3.4.1',
20 silly publish     typescript: '^3.7.5'
20 silly publish   },
20 silly publish   files: [ 'dist' ],
20 silly publish   readme: '# hookmuts - React Store\n' +
20 silly publish     '\n' +
20 silly publish     '> Say: useReducer NO!\n' +
20 silly publish     '\n' +
20 silly publish     '[![NPM](https://img.shields.io/npm/v/hookstore.svg)](https://www.npmjs.com/package/hookstore) [![JavaScript Style Guide](https://img.shields.io/badge/code_style-standard-brightgreen.svg)](https://standardjs.com)\n' +
20 silly publish     '\n' +
20 silly publish     '## Install\n' +
20 silly publish     '\n' +
20 silly publish     '```bash\n' +
20 silly publish     'npm install hookmuts\n' +
20 silly publish     '```\n' +
20 silly publish     '\n' +
20 silly publish     '## Usage\n' +
20 silly publish     'This store was developed for build optimization and ease of use, using both SSR and CSR\n' +
20 silly publish     '\n' +
20 silly publish     'You can use initialValues in <Provider/> to init server constants\n' +
20 silly publish     '\n' +
20 silly publish     '## License\n' +
20 silly publish     '\n' +
20 silly publish     'MIT © [Igor Lialko](https://github.com/Igorlialko)\n',
20 silly publish   readmeFilename: 'README.md',
20 silly publish   gitHead: '1b655a4868bebf9fe14d3e32dcf18ec8b489a7fc',
20 silly publish   bugs: { url: 'https://github.com/Igorlialko/hookmuts/issues' },
20 silly publish   homepage: 'https://github.com/Igorlialko/hookmuts#readme',
20 silly publish   _id: 'hookmuts@1.0.1',
20 silly publish   _shasum: 'b48d70d90cb49a64952ba31c818951fbfd67c3b8',
20 silly publish   _from: '.'
20 silly publish }
21 verbose getPublishConfig undefined
22 silly mapToRegistry name hookmuts
23 silly mapToRegistry using default registry
24 silly mapToRegistry registry https://registry.npmjs.org/
25 silly mapToRegistry data Result {
25 silly mapToRegistry   raw: 'hookmuts',
25 silly mapToRegistry   scope: null,
25 silly mapToRegistry   name: 'hookmuts',
25 silly mapToRegistry   rawSpec: '',
25 silly mapToRegistry   spec: 'latest',
25 silly mapToRegistry   type: 'tag'
25 silly mapToRegistry }
26 silly mapToRegistry uri https://registry.npmjs.org/hookmuts
27 verbose publish registryBase https://registry.npmjs.org/
28 silly publish uploading /Users/abz/.npm/hookmuts/1.0.1/package.tgz
29 verbose request uri https://registry.npmjs.org/hookmuts
30 verbose request sending authorization for write operation
31 info attempt registry request try #1 at 7:28:33 PM
32 verbose request using bearer token for auth
33 verbose request id 8b98ec9809472044
34 http request PUT https://registry.npmjs.org/hookmuts
35 http 200 https://registry.npmjs.org/hookmuts
36 verbose headers {
36 verbose headers   date: 'Thu, 29 Dec 2022 17:28:34 GMT',
36 verbose headers   'content-type': 'application/json',
36 verbose headers   'transfer-encoding': 'chunked',
36 verbose headers   connection: 'keep-alive',
36 verbose headers   'cf-ray': '781440bd08a2bff5-WAW',
36 verbose headers   'content-encoding': 'gzip',
36 verbose headers   vary: 'Accept-Encoding',
36 verbose headers   'cf-cache-status': 'DYNAMIC',
36 verbose headers   server: 'cloudflare'
36 verbose headers }
37 verbose request invalidating /Users/abz/.npm/registry.npmjs.org/hookmuts on PUT
38 info publish hookmuts@1.0.1
39 verbose unsafe-perm in lifecycle true
40 info hookmuts@1.0.1 Failed to exec publish script
41 verbose stack Error: hookmuts@1.0.1 publish: `microbundle-crl --no-compress --format modern,cjs && npm version patch && npm publish`
41 verbose stack Exit status 1
41 verbose stack     at EventEmitter.<anonymous> (/Users/abz/node_modules/npm/lib/utils/lifecycle.js:217:16)
41 verbose stack     at EventEmitter.emit (node:events:527:28)
41 verbose stack     at ChildProcess.<anonymous> (/Users/abz/node_modules/npm/lib/utils/spawn.js:24:14)
41 verbose stack     at ChildProcess.emit (node:events:527:28)
41 verbose stack     at maybeClose (node:internal/child_process:1092:16)
41 verbose stack     at Process.ChildProcess._handle.onexit (node:internal/child_process:302:5)
42 verbose pkgid hookmuts@1.0.1
43 verbose cwd /Users/abz/MyProjects/hookstore
44 error Darwin 21.6.0
45 error argv "/usr/local/bin/node" "/Users/abz/node_modules/.bin/npm" "publish"
46 error node v16.16.0
47 error npm  v2.15.12
48 error code ELIFECYCLE
49 error hookmuts@1.0.1 publish: `microbundle-crl --no-compress --format modern,cjs && npm version patch && npm publish`
49 error Exit status 1
50 error Failed at the hookmuts@1.0.1 publish script 'microbundle-crl --no-compress --format modern,cjs && npm version patch && npm publish'.
50 error This is most likely a problem with the hookmuts package,
50 error not with npm itself.
50 error Tell the author that this fails on your system:
50 error     microbundle-crl --no-compress --format modern,cjs && npm version patch && npm publish
50 error You can get information on how to open an issue for this project with:
50 error     npm bugs hookmuts
50 error Or if that isn't available, you can get their info via:
50 error
50 error     npm owner ls hookmuts
50 error There is likely additional logging output above.
51 verbose exit [ 1, true ]
